2024-04-12 18:48:59 0 [Note] Starting MariaDB 10.4.32-MariaDB source revision c4143f909528e3fab0677a28631d10389354c491 as process 4440
2024-04-12 18:48:59 0 [Note] InnoDB: Mutexes and rw_locks use Windows interlocked functions
2024-04-12 18:48:59 0 [Note] InnoDB: Uses event mutexes
2024-04-12 18:48:59 0 [Note] InnoDB: Compressed tables use zlib 1.3
2024-04-12 18:48:59 0 [Note] InnoDB: Number of pools: 1
2024-04-12 18:48:59 0 [Note] InnoDB: Using SSE2 crc32 instructions
2024-04-12 18:48:59 0 [Note] InnoDB: Initializing buffer pool, total size = 16M, instances = 1, chunk size = 16M
2024-04-12 18:48:59 0 [Note] InnoDB: Completed initialization of buffer pool
2024-04-12 18:48:59 0 [Note] InnoDB: Starting crash recovery from checkpoint LSN=300288
2024-04-12 18:48:59 0 [Note] InnoDB: 128 out of 128 rollback segments are active.
2024-04-12 18:48:59 0 [Note] InnoDB: Removed temporary tablespace data file: "ibtmp1"
2024-04-12 18:48:59 0 [Note] InnoDB: Creating shared tablespace for temporary tables
2024-04-12 18:48:59 0 [Note] InnoDB: Setting file 'C:\xampp\mysql\data\ibtmp1' size to 12 MB. Physically writing the file full; Please wait ...
2024-04-12 18:48:59 0 [Note] InnoDB: File 'C:\xampp\mysql\data\ibtmp1' size is now 12 MB.
2024-04-12 18:48:59 0 [Note] InnoDB: Waiting for purge to start
2024-04-12 18:48:59 0 [Note] InnoDB: 10.4.32 started; log sequence number 300297; transaction id 170
2024-04-12 18:48:59 0 [Note] InnoDB: Loading buffer pool(s) from C:\xampp\mysql\data\ib_buffer_pool
2024-04-12 18:48:59 0 [Note] Plugin 'FEEDBACK' is disabled.
2024-04-12 18:48:59 0 [Note] Server socket created on IP: '::'.
2024-04-13 23:33:31 0 [Note] Starting MariaDB 10.4.32-MariaDB source revision c4143f909528e3fab0677a28631d10389354c491 as process 11144
2024-04-13 23:33:31 0 [Note] mysqld.exe: Aria engine: starting recovery
recovered pages: 0% 23% 36% 100% (0.0 seconds); tables to flush: 1 0
 (0.0 seconds); 
2024-04-13 23:33:31 0 [Note] mysqld.exe: Aria engine: recovery done
2024-04-13 23:33:31 0 [Note] InnoDB: Mutexes and rw_locks use Windows interlocked functions
2024-04-13 23:33:31 0 [Note] InnoDB: Uses event mutexes
2024-04-13 23:33:31 0 [Note] InnoDB: Compressed tables use zlib 1.3
2024-04-13 23:33:31 0 [Note] InnoDB: Number of pools: 1
2024-04-13 23:33:31 0 [Note] InnoDB: Using SSE2 crc32 instructions
2024-04-13 23:33:31 0 [Note] InnoDB: Initializing buffer pool, total size = 16M, instances = 1, chunk size = 16M
2024-04-13 23:33:31 0 [Note] InnoDB: Completed initialization of buffer pool
2024-04-13 23:33:31 0 [Note] InnoDB: Starting crash recovery from checkpoint LSN=1428206
2024-04-13 23:33:32 0 [Note] InnoDB: 128 out of 128 rollback segments are active.
2024-04-13 23:33:32 0 [Note] InnoDB: Removed temporary tablespace data file: "ibtmp1"
2024-04-13 23:33:32 0 [Note] InnoDB: Creating shared tablespace for temporary tables
2024-04-13 23:33:32 0 [Note] InnoDB: Setting file 'C:\xampp\mysql\data\ibtmp1' size to 12 MB. Physically writing the file full; Please wait ...
2024-04-13 23:33:32 0 [Note] InnoDB: File 'C:\xampp\mysql\data\ibtmp1' size is now 12 MB.
2024-04-13 23:33:32 0 [Note] InnoDB: Waiting for purge to start
2024-04-13 23:33:32 0 [Note] InnoDB: 10.4.32 started; log sequence number 1428215; transaction id 644
2024-04-13 23:33:32 0 [Note] InnoDB: Loading buffer pool(s) from C:\xampp\mysql\data\ib_buffer_pool
2024-04-13 23:33:32 0 [Note] Plugin 'FEEDBACK' is disabled.
2024-04-13 23:33:32 0 [Note] InnoDB: Buffer pool(s) load completed at 240413 23:33:32
2024-04-13 23:33:32 0 [Note] Server socket created on IP: '::'.
2024-04-14  1:18:10 0 [Note] Starting MariaDB 10.4.32-MariaDB source revision c4143f909528e3fab0677a28631d10389354c491 as process 9760
2024-04-14  1:18:10 0 [Note] InnoDB: Mutexes and rw_locks use Windows interlocked functions
2024-04-14  1:18:10 0 [Note] InnoDB: Uses event mutexes
2024-04-14  1:18:10 0 [Note] InnoDB: Compressed tables use zlib 1.3
2024-04-14  1:18:10 0 [Note] InnoDB: Number of pools: 1
2024-04-14  1:18:10 0 [Note] InnoDB: Using SSE2 crc32 instructions
2024-04-14  1:18:10 0 [Note] InnoDB: Initializing buffer pool, total size = 16M, instances = 1, chunk size = 16M
2024-04-14  1:18:10 0 [Note] InnoDB: Completed initialization of buffer pool
2024-04-14  1:18:10 0 [Note] InnoDB: Starting crash recovery from checkpoint LSN=1443888
2024-04-14  1:18:11 0 [Note] InnoDB: 128 out of 128 rollback segments are active.
2024-04-14  1:18:11 0 [Note] InnoDB: Removed temporary tablespace data file: "ibtmp1"
2024-04-14  1:18:11 0 [Note] InnoDB: Creating shared tablespace for temporary tables
2024-04-14  1:18:11 0 [Note] InnoDB: Setting file 'C:\xampp\mysql\data\ibtmp1' size to 12 MB. Physically writing the file full; Please wait ...
2024-04-14  1:18:11 0 [Note] InnoDB: File 'C:\xampp\mysql\data\ibtmp1' size is now 12 MB.
2024-04-14  1:18:11 0 [Note] InnoDB: Waiting for purge to start
2024-04-14  1:18:11 0 [Note] InnoDB: 10.4.32 started; log sequence number 1443897; transaction id 730
2024-04-14  1:18:11 0 [Note] InnoDB: Loading buffer pool(s) from C:\xampp\mysql\data\ib_buffer_pool
2024-04-14  1:18:11 0 [Note] Plugin 'FEEDBACK' is disabled.
2024-04-14  1:18:11 0 [Note] InnoDB: Buffer pool(s) load completed at 240414  1:18:11
2024-04-14  1:18:11 0 [Note] Server socket created on IP: '::'.
2024-04-14 10:40:50 0 [Note] Starting MariaDB 10.4.32-MariaDB source revision c4143f909528e3fab0677a28631d10389354c491 as process 3752
2024-04-14 10:40:50 0 [Note] InnoDB: Mutexes and rw_locks use Windows interlocked functions
2024-04-14 10:40:50 0 [Note] InnoDB: Uses event mutexes
2024-04-14 10:40:50 0 [Note] InnoDB: Compressed tables use zlib 1.3
2024-04-14 10:40:50 0 [Note] InnoDB: Number of pools: 1
2024-04-14 10:40:50 0 [Note] InnoDB: Using SSE2 crc32 instructions
2024-04-14 10:40:50 0 [Note] InnoDB: Initializing buffer pool, total size = 16M, instances = 1, chunk size = 16M
2024-04-14 10:40:50 0 [Note] InnoDB: Completed initialization of buffer pool
2024-04-14 10:40:50 0 [Note] InnoDB: Starting crash recovery from checkpoint LSN=1789083
2024-04-14 10:40:51 0 [Note] InnoDB: 128 out of 128 rollback segments are active.
2024-04-14 10:40:51 0 [Note] InnoDB: Removed temporary tablespace data file: "ibtmp1"
2024-04-14 10:40:51 0 [Note] InnoDB: Creating shared tablespace for temporary tables
2024-04-14 10:40:51 0 [Note] InnoDB: Setting file 'C:\xampp\mysql\data\ibtmp1' size to 12 MB. Physically writing the file full; Please wait ...
2024-04-14 10:40:51 0 [Note] InnoDB: File 'C:\xampp\mysql\data\ibtmp1' size is now 12 MB.
2024-04-14 10:40:51 0 [Note] InnoDB: Waiting for purge to start
2024-04-14 10:40:51 0 [Note] InnoDB: 10.4.32 started; log sequence number 1789092; transaction id 1671
2024-04-14 10:40:51 0 [Note] InnoDB: Loading buffer pool(s) from C:\xampp\mysql\data\ib_buffer_pool
2024-04-14 10:40:51 0 [Note] Plugin 'FEEDBACK' is disabled.
2024-04-14 10:40:51 0 [Note] InnoDB: Buffer pool(s) load completed at 240414 10:40:51
2024-04-14 10:40:51 0 [Note] Server socket created on IP: '::'.
2024-04-14 11:10:59 0 [Note] Starting MariaDB 10.4.32-MariaDB source revision c4143f909528e3fab0677a28631d10389354c491 as process 9908
2024-04-14 11:10:59 0 [Note] InnoDB: Mutexes and rw_locks use Windows interlocked functions
2024-04-14 11:10:59 0 [Note] InnoDB: Uses event mutexes
2024-04-14 11:10:59 0 [Note] InnoDB: Compressed tables use zlib 1.3
2024-04-14 11:10:59 0 [Note] InnoDB: Number of pools: 1
2024-04-14 11:10:59 0 [Note] InnoDB: Using SSE2 crc32 instructions
2024-04-14 11:10:59 0 [Note] InnoDB: Initializing buffer pool, total size = 16M, instances = 1, chunk size = 16M
2024-04-14 11:10:59 0 [Note] InnoDB: Completed initialization of buffer pool
2024-04-14 11:10:59 0 [Note] InnoDB: Starting crash recovery from checkpoint LSN=1818697
2024-04-14 11:11:00 0 [Note] InnoDB: 128 out of 128 rollback segments are active.
2024-04-14 11:11:00 0 [Note] InnoDB: Removed temporary tablespace data file: "ibtmp1"
2024-04-14 11:11:00 0 [Note] InnoDB: Creating shared tablespace for temporary tables
2024-04-14 11:11:00 0 [Note] InnoDB: Setting file 'C:\xampp\mysql\data\ibtmp1' size to 12 MB. Physically writing the file full; Please wait ...
2024-04-14 11:11:00 0 [Note] InnoDB: File 'C:\xampp\mysql\data\ibtmp1' size is now 12 MB.
2024-04-14 11:11:00 0 [Note] InnoDB: Waiting for purge to start
2024-04-14 11:11:00 0 [Note] InnoDB: 10.4.32 started; log sequence number 1818706; transaction id 1704
2024-04-14 11:11:00 0 [Note] InnoDB: Loading buffer pool(s) from C:\xampp\mysql\data\ib_buffer_pool
2024-04-14 11:11:00 0 [Note] Plugin 'FEEDBACK' is disabled.
2024-04-14 11:11:00 0 [Note] InnoDB: Buffer pool(s) load completed at 240414 11:11:00
2024-04-14 11:11:00 0 [Note] Server socket created on IP: '::'.
2024-04-14 15:50:11 0 [Note] Starting MariaDB 10.4.32-MariaDB source revision c4143f909528e3fab0677a28631d10389354c491 as process 10832
2024-04-14 15:50:11 0 [Note] InnoDB: Mutexes and rw_locks use Windows interlocked functions
2024-04-14 15:50:11 0 [Note] InnoDB: Uses event mutexes
2024-04-14 15:50:11 0 [Note] InnoDB: Compressed tables use zlib 1.3
2024-04-14 15:50:11 0 [Note] InnoDB: Number of pools: 1
2024-04-14 15:50:11 0 [Note] InnoDB: Using SSE2 crc32 instructions
2024-04-14 15:50:11 0 [Note] InnoDB: Initializing buffer pool, total size = 16M, instances = 1, chunk size = 16M
2024-04-14 15:50:11 0 [Note] InnoDB: Completed initialization of buffer pool
2024-04-14 15:50:11 0 [Note] InnoDB: Starting crash recovery from checkpoint LSN=1938558
2024-04-14 15:50:12 0 [Note] InnoDB: 128 out of 128 rollback segments are active.
2024-04-14 15:50:12 0 [Note] InnoDB: Removed temporary tablespace data file: "ibtmp1"
2024-04-14 15:50:12 0 [Note] InnoDB: Creating shared tablespace for temporary tables
2024-04-14 15:50:12 0 [Note] InnoDB: Setting file 'C:\xampp\mysql\data\ibtmp1' size to 12 MB. Physically writing the file full; Please wait ...
2024-04-14 15:50:12 0 [Note] InnoDB: File 'C:\xampp\mysql\data\ibtmp1' size is now 12 MB.
2024-04-14 15:50:12 0 [Note] InnoDB: Waiting for purge to start
2024-04-14 15:50:12 0 [Note] InnoDB: 10.4.32 started; log sequence number 1938567; transaction id 2054
2024-04-14 15:50:12 0 [Note] InnoDB: Loading buffer pool(s) from C:\xampp\mysql\data\ib_buffer_pool
2024-04-14 15:50:12 0 [Note] Plugin 'FEEDBACK' is disabled.
2024-04-14 15:50:12 0 [Note] InnoDB: Buffer pool(s) load completed at 240414 15:50:12
2024-04-14 15:50:12 0 [Note] Server socket created on IP: '::'.
2024-04-17 10:36:06 0 [Note] Starting MariaDB 10.4.32-MariaDB source revision c4143f909528e3fab0677a28631d10389354c491 as process 2308
2024-04-17 10:36:06 0 [Note] InnoDB: Mutexes and rw_locks use Windows interlocked functions
2024-04-17 10:36:06 0 [Note] InnoDB: Uses event mutexes
2024-04-17 10:36:06 0 [Note] InnoDB: Compressed tables use zlib 1.3
2024-04-17 10:36:06 0 [Note] InnoDB: Number of pools: 1
2024-04-17 10:36:07 0 [Note] InnoDB: Using SSE2 crc32 instructions
2024-04-17 10:36:07 0 [Note] InnoDB: Initializing buffer pool, total size = 16M, instances = 1, chunk size = 16M
2024-04-17 10:36:07 0 [Note] InnoDB: Completed initialization of buffer pool
2024-04-17 10:36:07 0 [Note] InnoDB: Starting crash recovery from checkpoint LSN=1997026
2024-04-17 10:36:07 0 [Note] InnoDB: 128 out of 128 rollback segments are active.
2024-04-17 10:36:07 0 [Note] InnoDB: Removed temporary tablespace data file: "ibtmp1"
2024-04-17 10:36:07 0 [Note] InnoDB: Creating shared tablespace for temporary tables
2024-04-17 10:36:07 0 [Note] InnoDB: Setting file 'C:\xampp\mysql\data\ibtmp1' size to 12 MB. Physically writing the file full; Please wait ...
2024-04-17 10:36:07 0 [Note] InnoDB: File 'C:\xampp\mysql\data\ibtmp1' size is now 12 MB.
2024-04-17 10:36:07 0 [Note] InnoDB: Waiting for purge to start
2024-04-17 10:36:07 0 [Note] InnoDB: 10.4.32 started; log sequence number 1997035; transaction id 2227
2024-04-17 10:36:07 0 [Note] InnoDB: Loading buffer pool(s) from C:\xampp\mysql\data\ib_buffer_pool
2024-04-17 10:36:07 0 [Note] Plugin 'FEEDBACK' is disabled.
2024-04-17 10:36:07 0 [Note] InnoDB: Buffer pool(s) load completed at 240417 10:36:07
2024-04-17 10:36:07 0 [Note] Server socket created on IP: '::'.
2024-04-17 10:59:23 0 [Note] Starting MariaDB 10.4.32-MariaDB source revision c4143f909528e3fab0677a28631d10389354c491 as process 4680
2024-04-17 10:59:23 0 [Note] InnoDB: Mutexes and rw_locks use Windows interlocked functions
2024-04-17 10:59:23 0 [Note] InnoDB: Uses event mutexes
2024-04-17 10:59:23 0 [Note] InnoDB: Compressed tables use zlib 1.3
2024-04-17 10:59:23 0 [Note] InnoDB: Number of pools: 1
2024-04-17 10:59:23 0 [Note] InnoDB: Using SSE2 crc32 instructions
2024-04-17 10:59:23 0 [Note] InnoDB: Initializing buffer pool, total size = 16M, instances = 1, chunk size = 16M
2024-04-17 10:59:23 0 [Note] InnoDB: Completed initialization of buffer pool
2024-04-17 10:59:23 0 [Note] InnoDB: Starting crash recovery from checkpoint LSN=2006633
2024-04-17 10:59:24 0 [Note] InnoDB: 128 out of 128 rollback segments are active.
2024-04-17 10:59:24 0 [Note] InnoDB: Removed temporary tablespace data file: "ibtmp1"
2024-04-17 10:59:24 0 [Note] InnoDB: Creating shared tablespace for temporary tables
2024-04-17 10:59:24 0 [Note] InnoDB: Setting file 'C:\xampp\mysql\data\ibtmp1' size to 12 MB. Physically writing the file full; Please wait ...
2024-04-17 10:59:24 0 [Note] InnoDB: File 'C:\xampp\mysql\data\ibtmp1' size is now 12 MB.
2024-04-17 10:59:24 0 [Note] InnoDB: Waiting for purge to start
2024-04-17 10:59:24 0 [Note] InnoDB: 10.4.32 started; log sequence number 2006642; transaction id 2283
2024-04-17 10:59:24 0 [Note] InnoDB: Loading buffer pool(s) from C:\xampp\mysql\data\ib_buffer_pool
2024-04-17 10:59:24 0 [Note] Plugin 'FEEDBACK' is disabled.
2024-04-17 10:59:24 0 [Note] Server socket created on IP: '::'.
2024-04-17 11:00:25 0 [Note] Starting MariaDB 10.4.32-MariaDB source revision c4143f909528e3fab0677a28631d10389354c491 as process 8564
2024-04-17 11:00:25 0 [Note] InnoDB: Mutexes and rw_locks use Windows interlocked functions
2024-04-17 11:00:25 0 [Note] InnoDB: Uses event mutexes
2024-04-17 11:00:25 0 [Note] InnoDB: Compressed tables use zlib 1.3
2024-04-17 11:00:25 0 [Note] InnoDB: Number of pools: 1
2024-04-17 11:00:25 0 [Note] InnoDB: Using SSE2 crc32 instructions
2024-04-17 11:00:25 0 [Note] InnoDB: Initializing buffer pool, total size = 16M, instances = 1, chunk size = 16M
2024-04-17 11:00:25 0 [Note] InnoDB: Completed initialization of buffer pool
2024-04-17 11:00:25 0 [Note] InnoDB: Starting crash recovery from checkpoint LSN=2006651
2024-04-17 11:00:25 0 [Note] InnoDB: 128 out of 128 rollback segments are active.
2024-04-17 11:00:25 0 [Note] InnoDB: Removed temporary tablespace data file: "ibtmp1"
2024-04-17 11:00:25 0 [Note] InnoDB: Creating shared tablespace for temporary tables
2024-04-17 11:00:25 0 [Note] InnoDB: Setting file 'C:\xampp\mysql\data\ibtmp1' size to 12 MB. Physically writing the file full; Please wait ...
2024-04-17 11:00:25 0 [Note] InnoDB: File 'C:\xampp\mysql\data\ibtmp1' size is now 12 MB.
2024-04-17 11:00:25 0 [Note] InnoDB: Waiting for purge to start
2024-04-17 11:00:25 0 [Note] InnoDB: 10.4.32 started; log sequence number 2006660; transaction id 2283
2024-04-17 11:00:25 0 [Note] InnoDB: Loading buffer pool(s) from C:\xampp\mysql\data\ib_buffer_pool
2024-04-17 11:00:25 0 [Note] Plugin 'FEEDBACK' is disabled.
2024-04-17 11:00:25 0 [Note] InnoDB: Buffer pool(s) load completed at 240417 11:00:25
2024-04-17 11:00:25 0 [Note] Server socket created on IP: '::'.
